{
  "RSpec": {
    "coverage": {
      "/home/happy-library-debd/tic-tac-toe-rb-ruby-intro-000/lib/tic_tac_toe.rb": [
        null,
        1,
        null,
        null,
        null,
        null,
        null,
        null,
        null,
        null,
        null,
        null,
        null,
        null,
        1,
        2,
        2,
        2,
        2,
        2,
        2,
        null,
        null,
        null,
        1,
        3,
        null,
        null,
        null,
        1,
        3,
        null,
        null,
        null,
        1,
        1,
        0,
        null,
        0,
        null,
        null
      ]
    },
    "timestamp": 1611246293
  }
}
